Build started 22.5.2016 14.21.32.
     1>Project "C:\Users\Jussi\Desktop\LJPhysics\LJPhysichs\LJPhysichs\LJPhysichs.vcxproj" on node 2 (Build target(s)).
     1>ClCompile:
         C:\Program Files (x86)\Microsoft Visual Studio 12.0\VC\bin\CL.exe /c /I"C:\Users\Jussi\Desktop\LJPhysics\LJPhysichs\\SFML-2.3.2\include" /ZI /nologo /W3 /WX- /Od /Oy- /D SFML_STATIC /D WIN32 /D _DEBUG /D _WINDOWS /D _UNICODE /D UNICODE /Gm /EHsc /RTC1 /MDd /GS /fp:precise /Zc:wchar_t /Zc:forScope /Fo"Debug\\" /Fd"Debug\vc120.pdb" /Gd /TP /analyze- /errorReport:prompt main.cpp
         main.cpp
     1>c:\users\jussi\desktop\ljphysics\ljphysichs\ljphysichs\world.h(30): warning C4305: 'argument' : truncation from 'double' to 'float'
     1>c:\users\jussi\desktop\ljphysics\ljphysichs\ljphysichs\main.cpp(16): warning C4244: 'argument' : conversion from 'time_t' to 'unsigned int', possible loss of data
     1>c:\users\jussi\desktop\ljphysics\ljphysichs\ljphysichs\main.cpp(32): warning C4244: 'argument' : conversion from 'int' to 'float', possible loss of data
     1>c:\users\jussi\desktop\ljphysics\ljphysichs\ljphysichs\main.cpp(53): warning C4244: 'argument' : conversion from 'unsigned int' to 'float', possible loss of data
     1>c:\users\jussi\desktop\ljphysics\ljphysichs\ljphysichs\main.cpp(66): warning C4018: '<' : signed/unsigned mismatch
       Link:
         C:\Program Files (x86)\Microsoft Visual Studio 12.0\VC\bin\link.exe /ERRORREPORT:PROMPT /OUT:"C:\Users\Jussi\Desktop\LJPhysics\LJPhysichs\Debug\LJPhysichs.exe" /INCREMENTAL /NOLOGO /LIBPATH:"C:\Users\Jussi\Desktop\LJPhysics\LJPhysichs\\SFML-2.3.2\lib\\" freetype.lib jpeg.lib opengl32.lib "sfml-graphics-s-d.lib" "sfml-window-s-d.lib" "sfml-system-s-d.lib" winmm.lib kernel32.lib user32.lib gdi32.lib winspool.lib comdlg32.lib advapi32.lib shell32.lib ole32.lib oleaut32.lib uuid.lib odbc32.lib odbccp32.lib /MANIFEST /MANIFESTUAC:"level='asInvoker' uiAccess='false'" /manifest:embed /DEBUG /PDB:"C:\Users\Jussi\Desktop\LJPhysics\LJPhysichs\Debug\LJPhysichs.pdb" /SUBSYSTEM:CONSOLE /TLBID:1 /ENTRY:"mainCRTStartup" /DYNAMICBASE /NXCOMPAT /IMPLIB:"C:\Users\Jussi\Desktop\LJPhysics\LJPhysichs\Debug\LJPhysichs.lib" /MACHINE:X86 Debug\Collision.obj
         Debug\main.obj
         Debug\Physics.obj
         Debug\Rectangle.obj
         Debug\World.obj
         LJPhysichs.vcxproj -> C:\Users\Jussi\Desktop\LJPhysics\LJPhysichs\Debug\LJPhysichs.exe
     1>Done Building Project "C:\Users\Jussi\Desktop\LJPhysics\LJPhysichs\LJPhysichs\LJPhysichs.vcxproj" (Build target(s)).

Build succeeded.

Time Elapsed 00:00:00.72
