c:\users\jussi\desktop\ljphysics – kopio\ljphysichs\ljphysichs\debug\vc120.pdb
c:\users\jussi\desktop\ljphysics\ljphysichs\ljphysichs\debug\vc120.pdb
c:\users\jussi\desktop\ljphysics\ljphysichs\ljphysichs\debug\vc120.idb
c:\users\jussi\desktop\ljphysics\ljphysichs\ljphysichs\debug\collision.obj
c:\users\jussi\desktop\ljphysics\ljphysichs\ljphysichs\debug\main.obj
c:\users\jussi\desktop\ljphysics\ljphysichs\ljphysichs\debug\physics.obj
c:\users\jussi\desktop\ljphysics\ljphysichs\ljphysichs\debug\rectangle.obj
c:\users\jussi\desktop\ljphysics\ljphysichs\ljphysichs\debug\world.obj
c:\users\jussi\desktop\ljphysics – kopio\ljphysichs\debug\ljphysichs.ilk
c:\users\jussi\desktop\ljphysics – kopio\ljphysichs\debug\ljphysichs.exe
c:\users\jussi\desktop\ljphysics – kopio\ljphysichs\debug\ljphysichs.pdb
c:\users\jussi\desktop\ljphysics\ljphysichs\debug\ljphysichs.ilk
c:\users\jussi\desktop\ljphysics\ljphysichs\debug\ljphysichs.exe
c:\users\jussi\desktop\ljphysics\ljphysichs\debug\ljphysichs.pdb
c:\users\jussi\desktop\ljphysics\ljphysichs\ljphysichs\debug\sat.obj
c:\users\jussi\desktop\ljphysics\ljphysichs\ljphysichs\debug\ljphysichs.tlog\cl.command.1.tlog
c:\users\jussi\desktop\ljphysics\ljphysichs\ljphysichs\debug\ljphysichs.tlog\cl.read.1.tlog
c:\users\jussi\desktop\ljphysics\ljphysichs\ljphysichs\debug\ljphysichs.tlog\cl.write.1.tlog
c:\users\jussi\desktop\ljphysics\ljphysichs\ljphysichs\debug\ljphysichs.tlog\link.command.1.tlog
c:\users\jussi\desktop\ljphysics\ljphysichs\ljphysichs\debug\ljphysichs.tlog\link.read.1.tlog
c:\users\jussi\desktop\ljphysics\ljphysichs\ljphysichs\debug\ljphysichs.tlog\link.write.1.tlog
